SF:lib\data\database.dart
DA:10,1
DA:12,1
DA:13,1
DA:17,1
DA:20,0
DA:21,0
DA:25,1
DA:26,1
DA:27,1
DA:29,1
DA:36,1
DA:37,1
DA:47,1
DA:56,1
DA:70,1
DA:87,1
DA:96,1
DA:108,1
DA:109,1
DA:110,1
DA:113,1
DA:116,1
DA:117,1
DA:118,1
DA:119,1
DA:120,1
DA:121,1
DA:122,1
DA:123,1
DA:126,2
DA:127,1
DA:131,2
DA:140,1
DA:143,1
LF:34
LH:32
end_of_record
SF:lib\data\database_update_bus.dart
DA:6,0
DA:8,1
DA:9,2
DA:10,2
DA:14,0
DA:15,0
LF:6
LH:3
end_of_record
SF:lib\data\database_update_bus_provider.dart
DA:5,3
DA:6,0
DA:7,0
LF:3
LH:1
end_of_record
SF:lib\data\repositories\analytics_repository.dart
DA:17,1
DA:18,2
DA:22,0
DA:24,0
DA:25,0
DA:26,0
DA:28,0
DA:29,0
DA:30,0
DA:33,0
DA:34,0
DA:39,0
DA:40,0
DA:41,0
DA:45,1
DA:46,1
DA:47,3
DA:48,3
DA:49,1
DA:50,5
DA:52,2
DA:53,1
DA:55,1
DA:58,3
DA:60,1
DA:62,1
DA:65,3
DA:68,1
DA:71,3
DA:74,1
DA:80,1
DA:83,2
DA:84,1
DA:85,2
DA:86,1
DA:90,3
DA:94,1
DA:96,0
DA:99,0
DA:104,2
DA:107,0
DA:108,0
DA:109,0
DA:111,0
DA:113,0
DA:115,0
DA:117,0
DA:121,0
DA:122,0
DA:123,0
DA:125,0
DA:127,0
DA:129,0
DA:134,0
DA:137,0
DA:138,0
DA:141,0
DA:150,0
DA:154,0
DA:155,0
DA:156,0
DA:157,0
DA:158,0
DA:159,0
DA:162,0
DA:164,0
DA:174,0
DA:175,0
DA:176,0
DA:177,0
DA:179,0
DA:181,0
DA:184,0
DA:186,0
DA:187,0
DA:188,0
DA:190,0
DA:197,0
DA:198,0
DA:199,0
DA:205,0
DA:206,0
DA:209,0
DA:210,0
DA:211,0
DA:212,0
DA:213,0
DA:214,0
DA:215,0
DA:216,0
DA:218,0
DA:220,0
DA:222,0
DA:223,0
DA:224,0
DA:227,0
DA:228,0
DA:229,0
DA:230,0
DA:231,0
DA:233,0
DA:239,0
DA:240,0
LF:103
LH:26
end_of_record
SF:lib\data\repositories\receipt_repository.dart
DA:17,3
DA:21,0
DA:23,0
DA:24,0
DA:25,0
DA:26,0
DA:29,0
DA:30,0
DA:31,0
DA:32,0
DA:34,0
DA:37,0
DA:41,0
DA:44,0
DA:45,0
DA:46,0
DA:47,0
DA:48,0
DA:51,0
DA:52,0
DA:53,0
DA:54,0
DA:55,0
DA:58,0
DA:59,0
DA:60,0
DA:62,0
DA:64,0
DA:66,0
DA:69,0
DA:70,0
DA:71,0
DA:72,0
DA:73,0
DA:75,0
DA:78,0
DA:79,0
DA:80,0
DA:83,0
DA:86,0
DA:89,0
DA:90,0
DA:91,0
DA:92,0
DA:93,0
DA:94,0
DA:96,0
DA:97,0
DA:100,0
DA:101,0
DA:104,0
DA:105,0
DA:106,0
DA:109,1
DA:110,1
DA:111,1
DA:115,1
DA:117,1
DA:119,1
DA:123,1
DA:126,1
DA:127,1
DA:128,2
DA:129,1
DA:133,1
DA:135,2
DA:136,2
DA:138,1
DA:144,2
DA:147,1
DA:150,1
DA:154,1
DA:156,2
DA:157,2
DA:159,1
DA:163,1
DA:164,2
DA:165,3
DA:167,0
DA:168,2
DA:170,1
DA:173,2
DA:174,1
DA:177,0
DA:178,0
DA:179,0
DA:185,0
DA:188,0
DA:189,0
DA:192,0
DA:193,0
DA:195,0
DA:196,0
DA:197,0
DA:198,0
DA:199,0
DA:200,0
DA:201,0
DA:205,0
DA:207,0
DA:214,0
DA:215,0
DA:217,0
DA:218,0
DA:228,0
DA:229,0
DA:241,0
DA:244,0
DA:245,0
DA:246,0
DA:248,0
DA:249,0
DA:250,0
DA:253,0
DA:254,0
DA:259,0
DA:260,0
DA:261,0
DA:265,0
DA:266,0
DA:267,0
DA:274,0
DA:277,0
DA:278,0
DA:279,0
DA:280,0
DA:282,0
DA:288,0
DA:291,0
LF:129
LH:30
end_of_record
SF:lib\domain\models\import_result.dart
DA:9,1
LF:1
LH:1
end_of_record
SF:lib\domain\parsing\receipt_parser.dart
DA:8,2
DA:9,1
DA:10,2
DA:11,1
DA:12,3
DA:15,2
DA:16,1
DA:17,3
DA:18,1
DA:19,1
DA:20,1
DA:21,1
DA:22,1
DA:33,1
DA:34,1
DA:36,1
DA:40,1
DA:45,1
DA:46,1
DA:50,1
DA:51,1
DA:53,1
DA:57,1
DA:58,1
DA:59,1
DA:64,1
DA:66,1
DA:67,1
DA:69,1
DA:70,1
DA:74,2
DA:76,0
DA:78,0
DA:79,0
DA:80,0
DA:81,0
DA:86,1
DA:88,2
DA:94,1
DA:95,1
DA:96,1
DA:99,3
DA:100,1
DA:101,1
DA:102,1
DA:107,2
DA:113,1
DA:114,1
DA:117,2
DA:121,2
DA:122,2
DA:124,2
DA:125,1
DA:126,1
DA:127,1
DA:129,1
DA:136,1
DA:143,3
DA:147,3
DA:148,2
DA:149,2
DA:155,2
DA:156,2
DA:157,2
DA:158,2
DA:159,2
DA:160,2
DA:162,1
DA:163,1
DA:164,1
DA:173,1
DA:176,1
DA:182,1
DA:183,2
DA:184,1
DA:187,1
DA:188,2
DA:193,2
DA:194,2
DA:195,2
DA:196,2
DA:197,2
DA:199,1
DA:202,1
DA:203,2
DA:205,1
DA:206,1
DA:207,1
DA:208,1
DA:211,1
DA:212,1
DA:213,1
DA:214,0
DA:215,0
DA:218,1
DA:219,1
DA:220,3
DA:221,4
DA:222,1
DA:228,1
DA:230,1
DA:232,1
DA:234,0
DA:241,1
DA:242,1
DA:243,3
DA:244,2
DA:249,1
LF:108
LH:100
end_of_record
SF:lib\features\import\import_service.dart
DA:8,1
DA:20,1
DA:22,2
DA:23,2
DA:24,1
DA:31,2
DA:32,1
DA:33,2
DA:34,1
DA:36,2
DA:37,0
DA:44,2
DA:46,1
DA:50,5
DA:51,2
DA:53,1
DA:59,0
DA:62,0
DA:67,0
DA:68,0
DA:69,0
DA:70,0
LF:22
LH:15
end_of_record
SF:lib\platform\pdf_text_extractor\pdf_text_extractor.dart
DA:11,0
DA:13,0
DA:14,0
LF:3
LH:0
end_of_record
SF:lib\domain\models\dashboard_kpis.dart
DA:6,0
LF:1
LH:0
end_of_record
SF:lib\domain\models\month_overview.dart
DA:11,0
DA:20,0
DA:22,0
DA:23,0
DA:24,0
DA:26,0
DA:34,0
LF:7
LH:0
end_of_record
SF:lib\domain\models\monthly_total.dart
DA:6,0
DA:12,0
DA:13,0
DA:14,0
DA:15,0
DA:18,0
DA:19,0
DA:20,0
DA:21,0
DA:31,0
DA:38,0
DA:39,0
DA:40,0
DA:41,0
DA:42,0
DA:45,0
DA:46,0
DA:47,0
DA:48,0
DA:49,0
LF:20
LH:0
end_of_record
SF:lib\domain\models\receipt_row.dart
DA:9,0
DA:18,0
DA:19,0
DA:20,0
DA:21,0
DA:22,0
DA:25,0
DA:26,0
DA:27,0
LF:9
LH:0
end_of_record
SF:lib\domain\models\line_item.dart
DA:13,1
DA:26,0
DA:37,0
DA:38,0
DA:39,0
DA:40,0
DA:41,0
DA:42,0
DA:43,0
DA:44,0
DA:45,0
DA:46,0
DA:47,0
DA:50,2
DA:51,1
DA:52,1
DA:53,1
DA:54,1
DA:55,1
DA:56,1
DA:57,1
DA:58,1
DA:59,1
DA:60,1
DA:63,0
DA:64,0
DA:65,0
DA:66,0
DA:67,0
DA:68,0
DA:69,0
DA:70,0
DA:71,0
DA:72,0
DA:73,0
LF:35
LH:12
end_of_record
SF:lib\domain\models\merchant.dart
DA:8,0
DA:16,0
DA:22,0
DA:23,0
DA:24,0
DA:25,0
DA:26,0
DA:27,0
DA:30,0
DA:31,0
DA:32,0
DA:33,0
DA:34,0
DA:35,0
DA:38,0
DA:39,0
DA:40,0
DA:41,0
DA:42,0
DA:43,0
LF:20
LH:0
end_of_record
SF:lib\domain\models\receipt.dart
DA:14,1
DA:26,2
DA:28,1
DA:39,1
DA:40,1
DA:41,1
DA:42,1
DA:43,1
DA:44,1
DA:45,1
DA:46,0
DA:47,0
DA:48,1
DA:51,2
DA:52,1
DA:53,1
DA:54,2
DA:55,1
DA:56,1
DA:57,1
DA:58,1
DA:59,1
DA:62,0
DA:63,0
DA:64,0
DA:66,0
DA:67,0
DA:68,0
DA:69,0
DA:70,0
DA:71,0
LF:31
LH:20
end_of_record
SF:lib\domain\models\receipt_details.dart
DA:10,0
DA:16,0
DA:18,0
DA:20,0
DA:22,0
DA:23,0
DA:24,0
LF:7
LH:0
end_of_record
